mode: atomic
github.com/tsuru/tsuru-client/v2/internal/exec/exec.go:35.51,43.2 7 4
github.com/tsuru/tsuru-client/v2/internal/exec/exec.go:54.55,55.24 1 3
github.com/tsuru/tsuru-client/v2/internal/exec/exec.go:55.24,57.3 1 1
github.com/tsuru/tsuru-client/v2/internal/exec/exec.go:58.2,58.24 1 3
github.com/tsuru/tsuru-client/v2/internal/exec/exec.go:58.24,60.3 1 1
github.com/tsuru/tsuru-client/v2/internal/exec/exec.go:61.2,62.17 2 3
github.com/tsuru/tsuru-client/v2/internal/exec/open.go:17.19,20.16 3 1
github.com/tsuru/tsuru-client/v2/internal/exec/open.go:20.16,23.3 2 0
github.com/tsuru/tsuru-client/v2/internal/exec/open.go:24.2,25.47 2 1
github.com/tsuru/tsuru-client/v2/internal/exec/open.go:28.42,32.13 3 1
github.com/tsuru/tsuru-client/v2/internal/exec/open.go:32.13,35.3 2 0
github.com/tsuru/tsuru-client/v2/internal/exec/open.go:37.2,41.25 2 1
github.com/tsuru/tsuru-client/v2/internal/parser/parser.go:29.86,31.16 2 14
github.com/tsuru/tsuru-client/v2/internal/parser/parser.go:31.16,33.3 1 10
github.com/tsuru/tsuru-client/v2/internal/parser/parser.go:34.2,34.66 1 4
github.com/tsuru/tsuru-client/v2/internal/parser/parser.go:40.88,42.24 2 4
github.com/tsuru/tsuru-client/v2/internal/parser/parser.go:42.24,44.3 1 3
github.com/tsuru/tsuru-client/v2/internal/parser/parser.go:45.2,45.44 1 1
github.com/tsuru/tsuru-client/v2/internal/parser/parser.go:48.52,49.20 1 8
github.com/tsuru/tsuru-client/v2/internal/parser/parser.go:49.20,51.3 1 1
github.com/tsuru/tsuru-client/v2/internal/parser/parser.go:52.2,52.22 1 7
github.com/tsuru/tsuru-client/v2/internal/parser/parser.go:52.22,54.3 1 1
github.com/tsuru/tsuru-client/v2/internal/parser/parser.go:56.2,56.46 1 6
github.com/tsuru/tsuru-client/v2/internal/parser/parser.go:60.32,62.16 2 5
github.com/tsuru/tsuru-client/v2/internal/parser/parser.go:62.16,64.3 1 4
github.com/tsuru/tsuru-client/v2/internal/parser/parser.go:65.2,65.11 1 1
github.com/tsuru/tsuru-client/v2/internal/parser/parser.go:69.35,71.16 2 8
github.com/tsuru/tsuru-client/v2/internal/parser/parser.go:71.16,73.3 1 1
github.com/tsuru/tsuru-client/v2/internal/parser/parser.go:74.2,75.25 2 7
github.com/tsuru/tsuru-client/v2/internal/parser/parser.go:75.25,77.3 1 3
github.com/tsuru/tsuru-client/v2/internal/parser/parser.go:77.8,77.27 1 4
github.com/tsuru/tsuru-client/v2/internal/parser/parser.go:77.27,79.3 1 1
github.com/tsuru/tsuru-client/v2/internal/parser/parser.go:79.8,79.22 1 3
github.com/tsuru/tsuru-client/v2/internal/parser/parser.go:79.22,81.3 1 2
github.com/tsuru/tsuru-client/v2/internal/parser/parser.go:82.2,82.29 1 1
github.com/tsuru/tsuru-client/v2/internal/parser/parser.go:85.30,86.14 1 2
github.com/tsuru/tsuru-client/v2/internal/parser/parser.go:86.14,88.3 1 1
github.com/tsuru/tsuru-client/v2/internal/parser/parser.go:90.2,90.30 1 1
github.com/tsuru/tsuru-client/v2/internal/parser/parser.go:93.32,94.55 1 4
github.com/tsuru/tsuru-client/v2/internal/parser/parser.go:94.55,96.3 1 1
github.com/tsuru/tsuru-client/v2/internal/parser/parser.go:97.2,97.11 1 3
github.com/tsuru/tsuru-client/v2/internal/parser/parser.go:102.65,104.29 2 8
github.com/tsuru/tsuru-client/v2/internal/parser/parser.go:104.29,106.19 2 11
github.com/tsuru/tsuru-client/v2/internal/parser/parser.go:106.19,108.4 1 2
github.com/tsuru/tsuru-client/v2/internal/parser/parser.go:109.3,109.21 1 9
github.com/tsuru/tsuru-client/v2/internal/parser/parser.go:111.2,111.17 1 6
github.com/tsuru/tsuru-client/v2/pkg/cmd/legacy.go:27.48,29.30 2 17
github.com/tsuru/tsuru-client/v2/pkg/cmd/legacy.go:29.30,31.3 1 17
github.com/tsuru/tsuru-client/v2/pkg/cmd/legacy.go:32.2,32.62 1 17
github.com/tsuru/tsuru-client/v2/pkg/cmd/legacy.go:35.70,39.55 1 17
github.com/tsuru/tsuru-client/v2/pkg/cmd/legacy.go:39.55,41.4 1 0
github.com/tsuru/tsuru-client/v2/pkg/cmd/legacy.go:45.2,45.18 1 17
github.com/tsuru/tsuru-client/v2/pkg/cmd/legacy.go:48.76,54.2 4 0
github.com/tsuru/tsuru-client/v2/pkg/cmd/legacy.go:56.43,57.30 1 0
github.com/tsuru/tsuru-client/v2/pkg/cmd/legacy.go:57.30,58.48 1 0
github.com/tsuru/tsuru-client/v2/pkg/cmd/legacy.go:58.48,59.18 1 0
github.com/tsuru/tsuru-client/v2/pkg/cmd/legacy.go:59.18,61.5 1 0
github.com/tsuru/tsuru-client/v2/pkg/cmd/legacy.go:62.4,62.10 1 0
github.com/tsuru/tsuru-client/v2/pkg/cmd/legacy.go:64.3,64.11 1 0
github.com/tsuru/tsuru-client/v2/pkg/cmd/legacy.go:73.46,74.23 1 3383
github.com/tsuru/tsuru-client/v2/pkg/cmd/legacy.go:74.23,76.3 1 731
github.com/tsuru/tsuru-client/v2/pkg/cmd/legacy.go:77.2,78.35 2 3383
github.com/tsuru/tsuru-client/v2/pkg/cmd/legacy.go:78.35,80.3 1 102
github.com/tsuru/tsuru-client/v2/pkg/cmd/legacy.go:83.89,86.39 2 17
github.com/tsuru/tsuru-client/v2/pkg/cmd/legacy.go:86.39,88.3 1 51
github.com/tsuru/tsuru-client/v2/pkg/cmd/legacy.go:91.2,92.52 2 17
github.com/tsuru/tsuru-client/v2/pkg/cmd/legacy.go:92.52,94.3 1 2822
github.com/tsuru/tsuru-client/v2/pkg/cmd/legacy.go:95.2,98.35 2 17
github.com/tsuru/tsuru-client/v2/pkg/cmd/legacy.go:98.35,100.40 1 2822
github.com/tsuru/tsuru-client/v2/pkg/cmd/legacy.go:100.40,101.12 1 119
github.com/tsuru/tsuru-client/v2/pkg/cmd/legacy.go:103.3,103.55 1 2703
github.com/tsuru/tsuru-client/v2/pkg/cmd/legacy.go:107.96,110.29 3 2703
github.com/tsuru/tsuru-client/v2/pkg/cmd/legacy.go:110.29,112.45 2 6273
github.com/tsuru/tsuru-client/v2/pkg/cmd/legacy.go:112.45,120.4 3 3230
github.com/tsuru/tsuru-client/v2/pkg/cmd/legacy.go:121.3,123.34 2 6273
github.com/tsuru/tsuru-client/v2/pkg/cmd/legacy.go:123.34,128.70 5 2567
github.com/tsuru/tsuru-client/v2/pkg/cmd/legacy.go:128.70,130.5 1 0
github.com/tsuru/tsuru-client/v2/pkg/cmd/legacy.go:142.36,142.53 1 17
github.com/tsuru/tsuru-client/v2/pkg/cmd/legacy.go:143.36,143.63 1 8037
github.com/tsuru/tsuru-client/v2/pkg/cmd/legacy.go:144.41,147.14 3 21245
github.com/tsuru/tsuru-client/v2/pkg/cmd/legacy.go:147.14,149.3 1 21245
github.com/tsuru/tsuru-client/v2/pkg/cmd/legacy.go:150.2,150.16 1 0
github.com/tsuru/tsuru-client/v2/pkg/cmd/plugin.go:18.75,20.59 2 4
github.com/tsuru/tsuru-client/v2/pkg/cmd/plugin.go:20.59,22.3 1 0
github.com/tsuru/tsuru-client/v2/pkg/cmd/plugin.go:24.2,25.22 2 4
github.com/tsuru/tsuru-client/v2/pkg/cmd/plugin.go:25.22,27.3 1 1
github.com/tsuru/tsuru-client/v2/pkg/cmd/plugin.go:29.2,46.40 5 3
github.com/tsuru/tsuru-client/v2/pkg/cmd/plugin.go:49.97,57.41 3 4
github.com/tsuru/tsuru-client/v2/pkg/cmd/plugin.go:57.41,61.58 4 7
github.com/tsuru/tsuru-client/v2/pkg/cmd/plugin.go:61.58,63.23 2 4
github.com/tsuru/tsuru-client/v2/pkg/cmd/plugin.go:63.23,64.13 1 4
github.com/tsuru/tsuru-client/v2/pkg/cmd/plugin.go:66.4,67.43 2 0
github.com/tsuru/tsuru-client/v2/pkg/cmd/plugin.go:69.3,69.63 1 3
github.com/tsuru/tsuru-client/v2/pkg/cmd/plugin.go:69.63,70.12 1 0
github.com/tsuru/tsuru-client/v2/pkg/cmd/plugin.go:72.3,72.18 1 3
github.com/tsuru/tsuru-client/v2/pkg/cmd/plugin.go:74.2,74.11 1 1
github.com/tsuru/tsuru-client/v2/pkg/cmd/root.go:34.38,35.21 1 17
github.com/tsuru/tsuru-client/v2/pkg/cmd/root.go:35.21,37.3 1 1
github.com/tsuru/tsuru-client/v2/pkg/cmd/root.go:38.2,38.36 1 17
github.com/tsuru/tsuru-client/v2/pkg/cmd/root.go:38.36,40.3 1 17
github.com/tsuru/tsuru-client/v2/pkg/cmd/root.go:41.2,41.65 1 0
github.com/tsuru/tsuru-client/v2/pkg/cmd/root.go:52.50,56.16 4 0
github.com/tsuru/tsuru-client/v2/pkg/cmd/root.go:56.16,58.3 1 0
github.com/tsuru/tsuru-client/v2/pkg/cmd/root.go:61.83,63.21 2 17
github.com/tsuru/tsuru-client/v2/pkg/cmd/root.go:63.21,65.3 1 0
github.com/tsuru/tsuru-client/v2/pkg/cmd/root.go:66.2,68.16 3 17
github.com/tsuru/tsuru-client/v2/pkg/cmd/root.go:71.69,78.55 1 17
github.com/tsuru/tsuru-client/v2/pkg/cmd/root.go:78.55,80.4 1 7
github.com/tsuru/tsuru-client/v2/pkg/cmd/root.go:89.2,94.16 5 17
github.com/tsuru/tsuru-client/v2/pkg/cmd/root.go:97.91,103.45 5 7
github.com/tsuru/tsuru-client/v2/pkg/cmd/root.go:103.45,107.3 3 3
github.com/tsuru/tsuru-client/v2/pkg/cmd/root.go:109.2,109.39 1 4
github.com/tsuru/tsuru-client/v2/pkg/cmd/root.go:114.70,115.16 1 16
github.com/tsuru/tsuru-client/v2/pkg/cmd/root.go:115.16,117.3 1 1
github.com/tsuru/tsuru-client/v2/pkg/cmd/root.go:118.2,119.20 2 15
github.com/tsuru/tsuru-client/v2/pkg/cmd/root.go:119.20,121.48 2 21
github.com/tsuru/tsuru-client/v2/pkg/cmd/root.go:121.48,123.4 1 12
github.com/tsuru/tsuru-client/v2/pkg/cmd/root.go:124.3,127.18 3 9
github.com/tsuru/tsuru-client/v2/pkg/cmd/root.go:127.18,128.19 1 7
github.com/tsuru/tsuru-client/v2/pkg/cmd/root.go:128.19,130.5 1 0
github.com/tsuru/tsuru-client/v2/pkg/cmd/root.go:131.4,131.20 1 7
github.com/tsuru/tsuru-client/v2/pkg/cmd/root.go:134.3,135.40 2 9
github.com/tsuru/tsuru-client/v2/pkg/cmd/root.go:135.40,137.4 1 2
github.com/tsuru/tsuru-client/v2/pkg/cmd/root.go:139.3,139.49 1 9
github.com/tsuru/tsuru-client/v2/pkg/cmd/root.go:139.49,141.4 1 4
github.com/tsuru/tsuru-client/v2/pkg/cmd/root.go:141.9,144.4 2 5
github.com/tsuru/tsuru-client/v2/pkg/cmd/root.go:146.2,146.13 1 3
github.com/tsuru/tsuru-client/v2/pkg/cmd/root.go:149.100,150.49 1 17
github.com/tsuru/tsuru-client/v2/pkg/cmd/root.go:150.49,151.76 1 8
github.com/tsuru/tsuru-client/v2/pkg/cmd/root.go:151.76,154.4 2 1
github.com/tsuru/tsuru-client/v2/pkg/cmd/root.go:155.3,155.60 1 8
github.com/tsuru/tsuru-client/v2/pkg/cmd/root.go:155.60,158.4 2 0
github.com/tsuru/tsuru-client/v2/pkg/cmd/root.go:163.51,164.16 1 18
github.com/tsuru/tsuru-client/v2/pkg/cmd/root.go:164.16,166.3 1 0
github.com/tsuru/tsuru-client/v2/pkg/cmd/root.go:167.2,170.12 4 18
github.com/tsuru/tsuru-client/v2/pkg/cmd/root.go:174.86,182.19 5 17
github.com/tsuru/tsuru-client/v2/pkg/cmd/root.go:182.19,185.3 1 0
github.com/tsuru/tsuru-client/v2/pkg/cmd/root.go:185.8,190.3 3 17
github.com/tsuru/tsuru-client/v2/pkg/cmd/root.go:192.2,196.54 3 17
github.com/tsuru/tsuru-client/v2/pkg/cmd/root.go:196.54,198.3 1 0
github.com/tsuru/tsuru-client/v2/pkg/cmd/root.go:201.2,201.31 1 17
github.com/tsuru/tsuru-client/v2/pkg/cmd/root.go:201.31,203.3 1 51
github.com/tsuru/tsuru-client/v2/pkg/cmd/root.go:205.2,207.58 3 17
github.com/tsuru/tsuru-client/v2/pkg/cmd/root.go:210.86,216.18 4 0
github.com/tsuru/tsuru-client/v2/pkg/cmd/root.go:216.18,219.3 2 0
github.com/tsuru/tsuru-client/v2/pkg/cmd/root.go:220.2,226.17 5 0
github.com/tsuru/tsuru-client/v2/pkg/cmd/root.go:226.17,231.3 4 0
github.com/tsuru/tsuru-client/v2/pkg/cmd/root.go:233.2,235.17 3 0
github.com/tsuru/tsuru-client/v2/pkg/cmd/root.go:238.79,253.2 1 1
github.com/tsuru/tsuru-client/v2/pkg/cmd/auth/login.go:21.66,38.55 1 5
github.com/tsuru/tsuru-client/v2/pkg/cmd/auth/login.go:38.55,40.4 1 0
github.com/tsuru/tsuru-client/v2/pkg/cmd/auth/login.go:44.2,44.17 1 5
github.com/tsuru/tsuru-client/v2/pkg/cmd/auth/login.go:47.92,48.56 1 5
github.com/tsuru/tsuru-client/v2/pkg/cmd/auth/login.go:48.56,50.3 1 1
github.com/tsuru/tsuru-client/v2/pkg/cmd/auth/login.go:51.2,54.27 3 4
github.com/tsuru/tsuru-client/v2/pkg/cmd/auth/login.go:54.27,57.17 3 0
github.com/tsuru/tsuru-client/v2/pkg/cmd/auth/login.go:57.17,59.4 1 0
github.com/tsuru/tsuru-client/v2/pkg/cmd/auth/login.go:62.2,62.42 1 4
github.com/tsuru/tsuru-client/v2/pkg/cmd/auth/login.go:63.15,64.42 1 0
github.com/tsuru/tsuru-client/v2/pkg/cmd/auth/login.go:65.14,66.93 1 0
github.com/tsuru/tsuru-client/v2/pkg/cmd/auth/login.go:67.10,68.42 1 4
github.com/tsuru/tsuru-client/v2/pkg/cmd/auth/login.go:72.75,74.16 2 2
github.com/tsuru/tsuru-client/v2/pkg/cmd/auth/login.go:74.16,76.3 1 0
github.com/tsuru/tsuru-client/v2/pkg/cmd/auth/login.go:77.2,78.16 2 2
github.com/tsuru/tsuru-client/v2/pkg/cmd/auth/login.go:78.16,80.3 1 0
github.com/tsuru/tsuru-client/v2/pkg/cmd/auth/login.go:81.2,85.16 4 2
github.com/tsuru/tsuru-client/v2/pkg/cmd/auth/login.go:85.16,87.3 1 1
github.com/tsuru/tsuru-client/v2/pkg/cmd/auth/login.go:88.2,88.19 1 1
github.com/tsuru/tsuru-client/v2/pkg/cmd/auth/logout.go:16.67,24.55 1 3
github.com/tsuru/tsuru-client/v2/pkg/cmd/auth/logout.go:24.55,26.4 1 0
github.com/tsuru/tsuru-client/v2/pkg/cmd/auth/logout.go:30.2,30.17 1 3
github.com/tsuru/tsuru-client/v2/pkg/cmd/auth/logout.go:33.93,36.28 3 2
github.com/tsuru/tsuru-client/v2/pkg/cmd/auth/logout.go:36.28,37.10 1 2
github.com/tsuru/tsuru-client/v2/pkg/cmd/auth/logout.go:37.10,39.18 2 2
github.com/tsuru/tsuru-client/v2/pkg/cmd/auth/logout.go:39.18,42.5 2 0
github.com/tsuru/tsuru-client/v2/pkg/cmd/auth/logout.go:43.4,44.18 2 2
github.com/tsuru/tsuru-client/v2/pkg/cmd/auth/logout.go:44.18,47.5 2 0
github.com/tsuru/tsuru-client/v2/pkg/cmd/auth/logout.go:48.4,48.38 1 2
github.com/tsuru/tsuru-client/v2/pkg/cmd/auth/logout.go:48.38,50.5 1 1
github.com/tsuru/tsuru-client/v2/pkg/cmd/auth/logout.go:51.4,51.35 1 2
github.com/tsuru/tsuru-client/v2/pkg/cmd/auth/logout.go:55.2,55.70 1 2
github.com/tsuru/tsuru-client/v2/pkg/cmd/auth/logout.go:55.70,58.3 2 0
github.com/tsuru/tsuru-client/v2/pkg/cmd/auth/logout.go:60.2,60.20 1 2
github.com/tsuru/tsuru-client/v2/pkg/cmd/auth/logout.go:60.20,62.3 1 1
github.com/tsuru/tsuru-client/v2/pkg/cmd/auth/logout.go:62.8,64.3 1 1
github.com/tsuru/tsuru-client/v2/pkg/cmd/auth/logout.go:65.2,65.29 1 2
github.com/tsuru/tsuru-client/v2/pkg/cmd/auth/native.go:20.92,22.19 2 4
github.com/tsuru/tsuru-client/v2/pkg/cmd/auth/native.go:22.19,24.3 1 3
github.com/tsuru/tsuru-client/v2/pkg/cmd/auth/native.go:24.8,27.3 2 1
github.com/tsuru/tsuru-client/v2/pkg/cmd/auth/native.go:28.2,30.16 3 4
github.com/tsuru/tsuru-client/v2/pkg/cmd/auth/native.go:30.16,32.3 1 1
github.com/tsuru/tsuru-client/v2/pkg/cmd/auth/native.go:33.2,39.16 6 3
github.com/tsuru/tsuru-client/v2/pkg/cmd/auth/native.go:39.16,41.3 1 0
github.com/tsuru/tsuru-client/v2/pkg/cmd/auth/native.go:42.2,45.16 3 3
github.com/tsuru/tsuru-client/v2/pkg/cmd/auth/native.go:45.16,47.3 1 0
github.com/tsuru/tsuru-client/v2/pkg/cmd/auth/native.go:48.2,50.16 3 3
github.com/tsuru/tsuru-client/v2/pkg/cmd/auth/native.go:50.16,52.3 1 0
github.com/tsuru/tsuru-client/v2/pkg/cmd/auth/native.go:53.2,55.16 3 3
github.com/tsuru/tsuru-client/v2/pkg/cmd/auth/native.go:55.16,57.3 1 0
github.com/tsuru/tsuru-client/v2/pkg/cmd/auth/native.go:58.2,59.61 2 3
github.com/tsuru/tsuru-client/v2/pkg/cmd/auth/native.go:62.59,67.91 2 4
github.com/tsuru/tsuru-client/v2/pkg/cmd/auth/native.go:67.91,69.17 2 0
github.com/tsuru/tsuru-client/v2/pkg/cmd/auth/native.go:69.17,71.4 1 0
github.com/tsuru/tsuru-client/v2/pkg/cmd/auth/native.go:72.8,74.3 1 4
github.com/tsuru/tsuru-client/v2/pkg/cmd/auth/native.go:75.2,75.24 1 4
github.com/tsuru/tsuru-client/v2/pkg/cmd/auth/native.go:75.24,77.3 1 1
github.com/tsuru/tsuru-client/v2/pkg/cmd/auth/native.go:78.2,78.30 1 3
github.com/tsuru/tsuru-client/v2/pkg/cmd/auth/oauth.go:50.48,52.13 2 4
github.com/tsuru/tsuru-client/v2/pkg/cmd/auth/oauth.go:52.13,54.3 1 1
github.com/tsuru/tsuru-client/v2/pkg/cmd/auth/oauth.go:55.2,55.13 1 3
github.com/tsuru/tsuru-client/v2/pkg/cmd/auth/oauth.go:58.100,64.16 6 3
github.com/tsuru/tsuru-client/v2/pkg/cmd/auth/oauth.go:64.16,66.3 1 0
github.com/tsuru/tsuru-client/v2/pkg/cmd/auth/oauth.go:67.2,70.16 3 3
github.com/tsuru/tsuru-client/v2/pkg/cmd/auth/oauth.go:70.16,72.3 1 0
github.com/tsuru/tsuru-client/v2/pkg/cmd/auth/oauth.go:73.2,76.16 3 3
github.com/tsuru/tsuru-client/v2/pkg/cmd/auth/oauth.go:76.16,78.3 1 0
github.com/tsuru/tsuru-client/v2/pkg/cmd/auth/oauth.go:80.2,82.16 3 3
github.com/tsuru/tsuru-client/v2/pkg/cmd/auth/oauth.go:82.16,84.3 1 0
github.com/tsuru/tsuru-client/v2/pkg/cmd/auth/oauth.go:85.2,85.36 1 3
github.com/tsuru/tsuru-client/v2/pkg/cmd/auth/oauth.go:88.103,89.54 1 3
github.com/tsuru/tsuru-client/v2/pkg/cmd/auth/oauth.go:89.54,90.16 1 3
github.com/tsuru/tsuru-client/v2/pkg/cmd/auth/oauth.go:90.16,92.4 1 3
github.com/tsuru/tsuru-client/v2/pkg/cmd/auth/oauth.go:93.3,95.17 3 3
github.com/tsuru/tsuru-client/v2/pkg/cmd/auth/oauth.go:95.17,98.4 2 3
github.com/tsuru/tsuru-client/v2/pkg/cmd/auth/oauth.go:98.9,101.4 2 0
github.com/tsuru/tsuru-client/v2/pkg/cmd/auth/oauth.go:102.3,103.24 2 3
github.com/tsuru/tsuru-client/v2/pkg/cmd/auth/oauth.go:107.77,108.47 1 2
github.com/tsuru/tsuru-client/v2/pkg/cmd/auth/oauth.go:108.47,110.3 1 0
github.com/tsuru/tsuru-client/v2/pkg/cmd/auth/oauth.go:112.2,113.16 2 2
github.com/tsuru/tsuru-client/v2/pkg/cmd/auth/oauth.go:113.16,115.3 1 0
github.com/tsuru/tsuru-client/v2/pkg/cmd/auth/oauth.go:116.2,117.16 2 2
github.com/tsuru/tsuru-client/v2/pkg/cmd/auth/oauth.go:117.16,119.3 1 0
github.com/tsuru/tsuru-client/v2/pkg/cmd/auth/oauth.go:120.2,131.16 10 2
github.com/tsuru/tsuru-client/v2/pkg/cmd/auth/oauth.go:131.16,134.3 2 0
github.com/tsuru/tsuru-client/v2/pkg/cmd/auth/oauth.go:135.2,141.12 6 2
github.com/tsuru/tsuru-client/v2/pkg/cmd/app/app.go:25.64,37.2 8 7
github.com/tsuru/tsuru-client/v2/pkg/cmd/app/app.go:39.147,44.16 2 0
github.com/tsuru/tsuru-client/v2/pkg/cmd/app/app.go:44.16,46.3 1 0
github.com/tsuru/tsuru-client/v2/pkg/cmd/app/app.go:47.2,48.27 2 0
github.com/tsuru/tsuru-client/v2/pkg/cmd/app/app.go:48.27,50.3 1 0
github.com/tsuru/tsuru-client/v2/pkg/cmd/app/app.go:51.2,51.50 1 0
github.com/tsuru/tsuru-client/v2/pkg/cmd/app/app.go:121.30,123.26 2 64
github.com/tsuru/tsuru-client/v2/pkg/cmd/app/app.go:123.26,125.3 1 1
github.com/tsuru/tsuru-client/v2/pkg/cmd/app/app.go:125.8,125.29 1 63
github.com/tsuru/tsuru-client/v2/pkg/cmd/app/app.go:125.29,127.3 1 8
github.com/tsuru/tsuru-client/v2/pkg/cmd/app/app.go:127.8,127.23 1 55
github.com/tsuru/tsuru-client/v2/pkg/cmd/app/app.go:127.23,129.3 1 8
github.com/tsuru/tsuru-client/v2/pkg/cmd/app/app.go:130.2,130.19 1 56
github.com/tsuru/tsuru-client/v2/pkg/cmd/app/app.go:130.19,132.3 1 47
github.com/tsuru/tsuru-client/v2/pkg/cmd/app/app.go:134.2,135.13 2 9
github.com/tsuru/tsuru-client/v2/pkg/cmd/app/app.go:139.40,140.32 1 3
github.com/tsuru/tsuru-client/v2/pkg/cmd/app/app.go:140.32,142.3 1 2
github.com/tsuru/tsuru-client/v2/pkg/cmd/app/app.go:144.2,144.26 1 1
github.com/tsuru/tsuru-client/v2/pkg/cmd/app/app.go:144.26,146.3 1 0
github.com/tsuru/tsuru-client/v2/pkg/cmd/app/app.go:148.2,148.17 1 1
github.com/tsuru/tsuru-client/v2/pkg/cmd/app/app.go:151.30,152.27 1 61
github.com/tsuru/tsuru-client/v2/pkg/cmd/app/app.go:152.27,153.23 1 60
github.com/tsuru/tsuru-client/v2/pkg/cmd/app/app.go:153.23,155.4 1 54
github.com/tsuru/tsuru-client/v2/pkg/cmd/app/app.go:156.3,157.14 2 6
github.com/tsuru/tsuru-client/v2/pkg/cmd/app/app.go:160.2,161.35 2 1
github.com/tsuru/tsuru-client/v2/pkg/cmd/app/app.go:161.35,164.3 2 2
github.com/tsuru/tsuru-client/v2/pkg/cmd/app/app.go:165.2,165.34 1 1
github.com/tsuru/tsuru-client/v2/pkg/cmd/app/app.go:168.36,170.27 2 24
github.com/tsuru/tsuru-client/v2/pkg/cmd/app/app.go:170.27,172.3 1 1
github.com/tsuru/tsuru-client/v2/pkg/cmd/app/app.go:172.8,174.3 1 23
github.com/tsuru/tsuru-client/v2/pkg/cmd/app/app.go:175.2,175.60 1 24
github.com/tsuru/tsuru-client/v2/pkg/cmd/app/app.go:178.33,180.23 2 25
github.com/tsuru/tsuru-client/v2/pkg/cmd/app/app.go:180.23,182.3 1 25
github.com/tsuru/tsuru-client/v2/pkg/cmd/app/app.go:184.2,184.28 1 25
github.com/tsuru/tsuru-client/v2/pkg/cmd/app/app.go:184.28,185.23 1 49
github.com/tsuru/tsuru-client/v2/pkg/cmd/app/app.go:185.23,187.4 1 49
github.com/tsuru/tsuru-client/v2/pkg/cmd/app/app.go:190.2,190.34 1 25
github.com/tsuru/tsuru-client/v2/pkg/cmd/app/app.go:194.37,197.40 2 1
github.com/tsuru/tsuru-client/v2/pkg/cmd/app/app.go:197.40,198.26 1 0
github.com/tsuru/tsuru-client/v2/pkg/cmd/app/app.go:198.26,200.4 1 0
github.com/tsuru/tsuru-client/v2/pkg/cmd/app/app.go:200.9,202.4 1 0
github.com/tsuru/tsuru-client/v2/pkg/cmd/app/app.go:205.2,205.34 1 1
github.com/tsuru/tsuru-client/v2/pkg/cmd/app/app.go:208.29,210.32 2 26
github.com/tsuru/tsuru-client/v2/pkg/cmd/app/app.go:210.32,211.18 1 18
github.com/tsuru/tsuru-client/v2/pkg/cmd/app/app.go:211.18,213.4 1 2
github.com/tsuru/tsuru-client/v2/pkg/cmd/app/app.go:215.2,215.25 1 26
github.com/tsuru/tsuru-client/v2/pkg/cmd/app/app.go:215.25,216.17 1 25
github.com/tsuru/tsuru-client/v2/pkg/cmd/app/app.go:216.17,218.4 1 25
github.com/tsuru/tsuru-client/v2/pkg/cmd/app/app.go:219.8,220.31 1 1
github.com/tsuru/tsuru-client/v2/pkg/cmd/app/app.go:220.31,221.28 1 3
github.com/tsuru/tsuru-client/v2/pkg/cmd/app/app.go:221.28,224.5 2 1
github.com/tsuru/tsuru-client/v2/pkg/cmd/app/app.go:224.10,224.30 1 2
github.com/tsuru/tsuru-client/v2/pkg/cmd/app/app.go:224.30,226.5 1 2
github.com/tsuru/tsuru-client/v2/pkg/cmd/app/app.go:229.2,229.37 1 26
github.com/tsuru/tsuru-client/v2/pkg/cmd/app/app.go:232.32,234.2 1 26
github.com/tsuru/tsuru-client/v2/pkg/cmd/app/app.go:236.38,238.33 2 1
github.com/tsuru/tsuru-client/v2/pkg/cmd/app/app.go:238.33,240.3 1 2
github.com/tsuru/tsuru-client/v2/pkg/cmd/app/app.go:241.2,242.31 2 1
github.com/tsuru/tsuru-client/v2/pkg/cmd/app/app.go:245.43,249.39 3 1
github.com/tsuru/tsuru-client/v2/pkg/cmd/app/app.go:249.39,250.40 1 0
github.com/tsuru/tsuru-client/v2/pkg/cmd/app/app.go:250.40,252.4 1 0
github.com/tsuru/tsuru-client/v2/pkg/cmd/app/app.go:253.3,253.40 1 0
github.com/tsuru/tsuru-client/v2/pkg/cmd/app/app.go:253.40,255.4 1 0
github.com/tsuru/tsuru-client/v2/pkg/cmd/app/app.go:256.3,256.45 1 0
github.com/tsuru/tsuru-client/v2/pkg/cmd/app/app.go:258.2,259.25 2 1
github.com/tsuru/tsuru-client/v2/pkg/cmd/app/app.go:259.25,261.3 1 0
github.com/tsuru/tsuru-client/v2/pkg/cmd/app/app.go:263.2,263.34 1 1
github.com/tsuru/tsuru-client/v2/pkg/cmd/app/app.go:266.35,269.16 3 3
github.com/tsuru/tsuru-client/v2/pkg/cmd/app/app.go:269.16,272.3 1 3
github.com/tsuru/tsuru-client/v2/pkg/cmd/app/app.go:273.2,273.15 1 3
github.com/tsuru/tsuru-client/v2/pkg/cmd/app/app.go:276.32,282.2 2 1
github.com/tsuru/tsuru-client/v2/pkg/cmd/app/app.go:288.109,291.19 3 29
github.com/tsuru/tsuru-client/v2/pkg/cmd/app/app.go:292.9,293.9 1 15
github.com/tsuru/tsuru-client/v2/pkg/cmd/app/app.go:294.9,295.20 1 6
github.com/tsuru/tsuru-client/v2/pkg/cmd/app/app.go:295.20,297.4 1 3
github.com/tsuru/tsuru-client/v2/pkg/cmd/app/app.go:297.9,298.20 1 3
github.com/tsuru/tsuru-client/v2/pkg/cmd/app/app.go:298.20,300.5 1 1
github.com/tsuru/tsuru-client/v2/pkg/cmd/app/app.go:301.4,301.20 1 2
github.com/tsuru/tsuru-client/v2/pkg/cmd/app/app.go:303.9,304.36 1 7
github.com/tsuru/tsuru-client/v2/pkg/cmd/app/app.go:304.36,306.4 1 4
github.com/tsuru/tsuru-client/v2/pkg/cmd/app/app.go:307.3,308.19 2 3
github.com/tsuru/tsuru-client/v2/pkg/cmd/app/app.go:309.10,310.50 1 1
github.com/tsuru/tsuru-client/v2/pkg/cmd/app/app.go:312.2,312.8 1 8
github.com/tsuru/tsuru-client/v2/pkg/cmd/app/create.go:19.70,71.55 1 19
github.com/tsuru/tsuru-client/v2/pkg/cmd/app/create.go:71.55,73.4 1 0
github.com/tsuru/tsuru-client/v2/pkg/cmd/app/create.go:77.2,87.21 10 19
github.com/tsuru/tsuru-client/v2/pkg/cmd/app/create.go:90.93,92.60 2 10
github.com/tsuru/tsuru-client/v2/pkg/cmd/app/create.go:92.60,94.3 1 1
github.com/tsuru/tsuru-client/v2/pkg/cmd/app/create.go:95.2,95.59 1 9
github.com/tsuru/tsuru-client/v2/pkg/cmd/app/create.go:95.59,97.3 1 0
github.com/tsuru/tsuru-client/v2/pkg/cmd/app/create.go:98.2,100.19 2 9
github.com/tsuru/tsuru-client/v2/pkg/cmd/app/create.go:100.19,102.3 1 9
github.com/tsuru/tsuru-client/v2/pkg/cmd/app/create.go:103.2,103.19 1 9
github.com/tsuru/tsuru-client/v2/pkg/cmd/app/create.go:103.19,105.3 1 8
github.com/tsuru/tsuru-client/v2/pkg/cmd/app/create.go:107.2,107.59 1 9
github.com/tsuru/tsuru-client/v2/pkg/cmd/app/create.go:107.59,109.3 1 0
github.com/tsuru/tsuru-client/v2/pkg/cmd/app/create.go:110.2,110.65 1 9
github.com/tsuru/tsuru-client/v2/pkg/cmd/app/create.go:110.65,112.3 1 0
github.com/tsuru/tsuru-client/v2/pkg/cmd/app/create.go:114.2,122.64 9 9
github.com/tsuru/tsuru-client/v2/pkg/cmd/app/create.go:122.64,123.28 1 9
github.com/tsuru/tsuru-client/v2/pkg/cmd/app/create.go:123.28,125.4 1 2
github.com/tsuru/tsuru-client/v2/pkg/cmd/app/create.go:127.2,127.78 1 9
github.com/tsuru/tsuru-client/v2/pkg/cmd/app/create.go:127.78,129.17 2 9
github.com/tsuru/tsuru-client/v2/pkg/cmd/app/create.go:129.17,131.4 1 0
github.com/tsuru/tsuru-client/v2/pkg/cmd/app/create.go:132.3,132.39 1 9
github.com/tsuru/tsuru-client/v2/pkg/cmd/app/create.go:132.39,134.4 1 2
github.com/tsuru/tsuru-client/v2/pkg/cmd/app/create.go:137.2,139.16 3 9
github.com/tsuru/tsuru-client/v2/pkg/cmd/app/create.go:139.16,141.3 1 0
github.com/tsuru/tsuru-client/v2/pkg/cmd/app/create.go:143.2,145.16 3 9
github.com/tsuru/tsuru-client/v2/pkg/cmd/app/create.go:145.16,147.3 1 0
github.com/tsuru/tsuru-client/v2/pkg/cmd/app/create.go:148.2,150.16 3 9
github.com/tsuru/tsuru-client/v2/pkg/cmd/app/create.go:150.16,152.3 1 0
github.com/tsuru/tsuru-client/v2/pkg/cmd/app/create.go:154.2,156.16 3 9
github.com/tsuru/tsuru-client/v2/pkg/cmd/app/create.go:156.16,158.3 1 0
github.com/tsuru/tsuru-client/v2/pkg/cmd/app/create.go:159.2,161.12 3 9
github.com/tsuru/tsuru-client/v2/pkg/cmd/app/deploy.go:17.70,47.55 1 8
github.com/tsuru/tsuru-client/v2/pkg/cmd/app/deploy.go:47.55,49.4 1 0
github.com/tsuru/tsuru-client/v2/pkg/cmd/app/deploy.go:53.2,60.21 8 8
github.com/tsuru/tsuru-client/v2/pkg/cmd/app/deploy.go:63.96,65.36 2 0
github.com/tsuru/tsuru-client/v2/pkg/cmd/app/deploy.go:65.36,68.3 2 0
github.com/tsuru/tsuru-client/v2/pkg/cmd/app/deploy.go:70.2,70.19 1 0
github.com/tsuru/tsuru-client/v2/pkg/cmd/app/deploy.go:70.19,72.3 1 0
github.com/tsuru/tsuru-client/v2/pkg/cmd/app/deploy.go:74.2,74.109 1 0
github.com/tsuru/tsuru-client/v2/pkg/cmd/app/deploy.go:74.109,76.3 1 0
github.com/tsuru/tsuru-client/v2/pkg/cmd/app/deploy.go:78.2,78.61 1 0
github.com/tsuru/tsuru-client/v2/pkg/cmd/app/deploy.go:78.61,80.3 1 0
github.com/tsuru/tsuru-client/v2/pkg/cmd/app/deploy.go:82.2,82.91 1 0
github.com/tsuru/tsuru-client/v2/pkg/cmd/app/deploy.go:82.91,84.3 1 0
github.com/tsuru/tsuru-client/v2/pkg/cmd/app/deploy.go:86.2,90.44 4 0
github.com/tsuru/tsuru-client/v2/pkg/cmd/app/deploy.go:90.44,92.3 1 0
github.com/tsuru/tsuru-client/v2/pkg/cmd/app/deploy.go:93.2,93.58 1 0
github.com/tsuru/tsuru-client/v2/pkg/cmd/app/deploy.go:93.58,95.3 1 0
github.com/tsuru/tsuru-client/v2/pkg/cmd/app/deploy.go:96.2,96.68 1 0
github.com/tsuru/tsuru-client/v2/pkg/cmd/app/deploy.go:96.68,98.3 1 0
github.com/tsuru/tsuru-client/v2/pkg/cmd/app/deploy.go:99.2,99.88 1 0
github.com/tsuru/tsuru-client/v2/pkg/cmd/app/deploy.go:99.88,101.3 1 0
github.com/tsuru/tsuru-client/v2/pkg/cmd/app/deploy.go:103.2,105.16 3 0
github.com/tsuru/tsuru-client/v2/pkg/cmd/app/deploy.go:105.16,107.3 1 0
github.com/tsuru/tsuru-client/v2/pkg/cmd/app/deploy.go:108.2,109.16 2 0
github.com/tsuru/tsuru-client/v2/pkg/cmd/app/deploy.go:109.16,111.3 1 0
github.com/tsuru/tsuru-client/v2/pkg/cmd/app/deploy.go:112.2,113.52 2 0
github.com/tsuru/tsuru-client/v2/pkg/cmd/app/deploy.go:113.52,115.3 1 0
github.com/tsuru/tsuru-client/v2/pkg/cmd/app/deploy.go:118.2,120.11 3 0
github.com/tsuru/tsuru-client/v2/pkg/cmd/app/deploy.go:120.11,122.3 1 0
github.com/tsuru/tsuru-client/v2/pkg/cmd/app/deploy.go:123.2,124.12 2 0
github.com/tsuru/tsuru-client/v2/pkg/cmd/app/info.go:91.68,101.55 1 35
github.com/tsuru/tsuru-client/v2/pkg/cmd/app/info.go:101.55,103.4 1 0
github.com/tsuru/tsuru-client/v2/pkg/cmd/app/info.go:104.118,106.4 1 0
github.com/tsuru/tsuru-client/v2/pkg/cmd/app/info.go:110.2,113.19 4 35
github.com/tsuru/tsuru-client/v2/pkg/cmd/app/info.go:116.93,117.60 1 26
github.com/tsuru/tsuru-client/v2/pkg/cmd/app/info.go:117.60,119.3 1 0
github.com/tsuru/tsuru-client/v2/pkg/cmd/app/info.go:120.2,120.59 1 26
github.com/tsuru/tsuru-client/v2/pkg/cmd/app/info.go:120.59,122.3 1 0
github.com/tsuru/tsuru-client/v2/pkg/cmd/app/info.go:123.2,126.19 3 26
github.com/tsuru/tsuru-client/v2/pkg/cmd/app/info.go:126.19,128.3 1 0
github.com/tsuru/tsuru-client/v2/pkg/cmd/app/info.go:130.2,131.16 2 26
github.com/tsuru/tsuru-client/v2/pkg/cmd/app/info.go:131.16,133.3 1 0
github.com/tsuru/tsuru-client/v2/pkg/cmd/app/info.go:134.2,135.16 2 26
github.com/tsuru/tsuru-client/v2/pkg/cmd/app/info.go:135.16,137.3 1 0
github.com/tsuru/tsuru-client/v2/pkg/cmd/app/info.go:138.2,139.52 2 26
github.com/tsuru/tsuru-client/v2/pkg/cmd/app/info.go:139.52,141.3 1 1
github.com/tsuru/tsuru-client/v2/pkg/cmd/app/info.go:143.2,145.16 3 25
github.com/tsuru/tsuru-client/v2/pkg/cmd/app/info.go:145.16,147.3 1 0
github.com/tsuru/tsuru-client/v2/pkg/cmd/app/info.go:149.2,150.44 2 25
github.com/tsuru/tsuru-client/v2/pkg/cmd/app/info.go:150.44,152.3 1 0
github.com/tsuru/tsuru-client/v2/pkg/cmd/app/info.go:153.2,153.112 1 25
github.com/tsuru/tsuru-client/v2/pkg/cmd/app/info.go:156.90,157.28 1 25
github.com/tsuru/tsuru-client/v2/pkg/cmd/app/info.go:157.28,159.3 1 0
github.com/tsuru/tsuru-client/v2/pkg/cmd/app/info.go:161.2,162.16 2 25
github.com/tsuru/tsuru-client/v2/pkg/cmd/app/info.go:162.16,164.3 1 1
github.com/tsuru/tsuru-client/v2/pkg/cmd/app/info.go:166.2,169.16 3 25
github.com/tsuru/tsuru-client/v2/pkg/cmd/app/info.go:169.16,171.3 1 1
github.com/tsuru/tsuru-client/v2/pkg/cmd/app/info.go:171.8,173.3 1 24
github.com/tsuru/tsuru-client/v2/pkg/cmd/app/info.go:175.2,177.54 3 25
github.com/tsuru/tsuru-client/v2/pkg/cmd/app/info.go:177.54,184.3 1 2
github.com/tsuru/tsuru-client/v2/pkg/cmd/app/info.go:186.2,186.17 1 25
github.com/tsuru/tsuru-client/v2/pkg/cmd/app/info.go:186.17,188.3 1 24
github.com/tsuru/tsuru-client/v2/pkg/cmd/app/info.go:190.2,192.33 3 25
github.com/tsuru/tsuru-client/v2/pkg/cmd/app/info.go:192.33,200.3 2 2
github.com/tsuru/tsuru-client/v2/pkg/cmd/app/info.go:202.2,202.31 1 25
github.com/tsuru/tsuru-client/v2/pkg/cmd/app/info.go:202.31,206.3 3 1
github.com/tsuru/tsuru-client/v2/pkg/cmd/app/info.go:208.2,208.65 1 25
github.com/tsuru/tsuru-client/v2/pkg/cmd/app/info.go:208.65,212.3 3 3
github.com/tsuru/tsuru-client/v2/pkg/cmd/app/info.go:213.2,213.54 1 25
github.com/tsuru/tsuru-client/v2/pkg/cmd/app/info.go:213.54,217.3 3 1
github.com/tsuru/tsuru-client/v2/pkg/cmd/app/info.go:218.2,218.39 1 25
github.com/tsuru/tsuru-client/v2/pkg/cmd/app/info.go:218.39,220.36 2 1
github.com/tsuru/tsuru-client/v2/pkg/cmd/app/info.go:220.36,223.4 2 0
github.com/tsuru/tsuru-client/v2/pkg/cmd/app/info.go:223.9,226.4 2 1
github.com/tsuru/tsuru-client/v2/pkg/cmd/app/info.go:229.2,234.12 5 25
github.com/tsuru/tsuru-client/v2/pkg/cmd/app/info.go:244.101,251.26 3 1
github.com/tsuru/tsuru-client/v2/pkg/cmd/app/info.go:251.26,253.24 2 2
github.com/tsuru/tsuru-client/v2/pkg/cmd/app/info.go:253.24,255.4 1 2
github.com/tsuru/tsuru-client/v2/pkg/cmd/app/info.go:256.3,257.51 2 2
github.com/tsuru/tsuru-client/v2/pkg/cmd/app/info.go:259.2,260.32 2 1
github.com/tsuru/tsuru-client/v2/pkg/cmd/app/info.go:260.32,262.3 1 1
github.com/tsuru/tsuru-client/v2/pkg/cmd/app/info.go:263.2,263.39 1 1
github.com/tsuru/tsuru-client/v2/pkg/cmd/app/info.go:263.39,264.41 1 0
github.com/tsuru/tsuru-client/v2/pkg/cmd/app/info.go:264.41,266.4 1 0
github.com/tsuru/tsuru-client/v2/pkg/cmd/app/info.go:267.3,267.43 1 0
github.com/tsuru/tsuru-client/v2/pkg/cmd/app/info.go:269.2,270.33 2 1
github.com/tsuru/tsuru-client/v2/pkg/cmd/app/info.go:270.33,272.3 1 1
github.com/tsuru/tsuru-client/v2/pkg/cmd/app/info.go:272.8,274.3 1 0
github.com/tsuru/tsuru-client/v2/pkg/cmd/app/info.go:275.2,281.21 5 1
github.com/tsuru/tsuru-client/v2/pkg/cmd/app/info.go:281.21,283.3 1 0
github.com/tsuru/tsuru-client/v2/pkg/cmd/app/info.go:284.2,285.37 2 1
github.com/tsuru/tsuru-client/v2/pkg/cmd/app/info.go:285.37,287.3 1 0
github.com/tsuru/tsuru-client/v2/pkg/cmd/app/info.go:289.2,289.27 1 1
github.com/tsuru/tsuru-client/v2/pkg/cmd/app/info.go:289.27,291.22 2 1
github.com/tsuru/tsuru-client/v2/pkg/cmd/app/info.go:291.22,293.4 1 0
github.com/tsuru/tsuru-client/v2/pkg/cmd/app/info.go:295.3,297.51 2 1
github.com/tsuru/tsuru-client/v2/pkg/cmd/app/info.go:297.51,299.4 1 0
github.com/tsuru/tsuru-client/v2/pkg/cmd/app/info.go:301.3,306.37 5 1
github.com/tsuru/tsuru-client/v2/pkg/cmd/app/info.go:306.37,307.40 1 2
github.com/tsuru/tsuru-client/v2/pkg/cmd/app/info.go:307.40,309.5 1 2
github.com/tsuru/tsuru-client/v2/pkg/cmd/app/info.go:311.4,311.28 1 2
github.com/tsuru/tsuru-client/v2/pkg/cmd/app/info.go:311.28,313.5 1 0
github.com/tsuru/tsuru-client/v2/pkg/cmd/app/info.go:315.4,317.18 3 2
github.com/tsuru/tsuru-client/v2/pkg/cmd/app/info.go:317.18,319.5 1 0
github.com/tsuru/tsuru-client/v2/pkg/cmd/app/info.go:320.4,321.18 2 2
github.com/tsuru/tsuru-client/v2/pkg/cmd/app/info.go:321.18,323.5 1 0
github.com/tsuru/tsuru-client/v2/pkg/cmd/app/info.go:326.3,326.34 1 1
github.com/tsuru/tsuru-client/v2/pkg/cmd/app/info.go:326.34,334.4 1 1
github.com/tsuru/tsuru-client/v2/pkg/cmd/app/info.go:334.9,339.4 1 0
github.com/tsuru/tsuru-client/v2/pkg/cmd/app/info.go:341.2,341.38 1 1
github.com/tsuru/tsuru-client/v2/pkg/cmd/app/info.go:344.94,351.26 3 24
github.com/tsuru/tsuru-client/v2/pkg/cmd/app/info.go:351.26,353.24 2 65
github.com/tsuru/tsuru-client/v2/pkg/cmd/app/info.go:353.24,355.4 1 5
github.com/tsuru/tsuru-client/v2/pkg/cmd/app/info.go:356.3,357.51 2 65
github.com/tsuru/tsuru-client/v2/pkg/cmd/app/info.go:359.2,360.32 2 24
github.com/tsuru/tsuru-client/v2/pkg/cmd/app/info.go:360.32,362.3 1 28
github.com/tsuru/tsuru-client/v2/pkg/cmd/app/info.go:363.2,363.39 1 24
github.com/tsuru/tsuru-client/v2/pkg/cmd/app/info.go:363.39,364.41 1 7
github.com/tsuru/tsuru-client/v2/pkg/cmd/app/info.go:364.41,366.4 1 4
github.com/tsuru/tsuru-client/v2/pkg/cmd/app/info.go:367.3,367.43 1 3
github.com/tsuru/tsuru-client/v2/pkg/cmd/app/info.go:370.2,371.33 2 24
github.com/tsuru/tsuru-client/v2/pkg/cmd/app/info.go:371.33,373.3 1 1
github.com/tsuru/tsuru-client/v2/pkg/cmd/app/info.go:373.8,375.3 1 23
github.com/tsuru/tsuru-client/v2/pkg/cmd/app/info.go:376.2,377.37 2 24
github.com/tsuru/tsuru-client/v2/pkg/cmd/app/info.go:377.37,379.3 1 3
github.com/tsuru/tsuru-client/v2/pkg/cmd/app/info.go:381.2,381.27 1 24
github.com/tsuru/tsuru-client/v2/pkg/cmd/app/info.go:381.27,386.41 5 28
github.com/tsuru/tsuru-client/v2/pkg/cmd/app/info.go:386.41,388.4 1 37
github.com/tsuru/tsuru-client/v2/pkg/cmd/app/info.go:389.3,389.30 1 28
github.com/tsuru/tsuru-client/v2/pkg/cmd/app/info.go:389.30,390.21 1 65
github.com/tsuru/tsuru-client/v2/pkg/cmd/app/info.go:390.21,391.13 1 1
github.com/tsuru/tsuru-client/v2/pkg/cmd/app/info.go:393.4,394.35 2 64
github.com/tsuru/tsuru-client/v2/pkg/cmd/app/info.go:394.35,404.5 1 3
github.com/tsuru/tsuru-client/v2/pkg/cmd/app/info.go:404.10,411.5 1 61
github.com/tsuru/tsuru-client/v2/pkg/cmd/app/info.go:413.4,413.26 1 64
github.com/tsuru/tsuru-client/v2/pkg/cmd/app/info.go:415.3,415.28 1 28
github.com/tsuru/tsuru-client/v2/pkg/cmd/app/info.go:415.28,419.25 4 27
github.com/tsuru/tsuru-client/v2/pkg/cmd/app/info.go:419.25,421.5 1 8
github.com/tsuru/tsuru-client/v2/pkg/cmd/app/info.go:422.4,422.24 1 27
github.com/tsuru/tsuru-client/v2/pkg/cmd/app/info.go:422.24,424.5 1 4
github.com/tsuru/tsuru-client/v2/pkg/cmd/app/info.go:425.4,425.20 1 27
github.com/tsuru/tsuru-client/v2/pkg/cmd/app/info.go:425.20,427.5 1 2
github.com/tsuru/tsuru-client/v2/pkg/cmd/app/info.go:428.4,429.40 2 27
github.com/tsuru/tsuru-client/v2/pkg/cmd/app/info.go:434.75,438.39 3 24
github.com/tsuru/tsuru-client/v2/pkg/cmd/app/info.go:438.39,439.40 1 1
github.com/tsuru/tsuru-client/v2/pkg/cmd/app/info.go:439.40,441.4 1 1
github.com/tsuru/tsuru-client/v2/pkg/cmd/app/info.go:442.3,442.40 1 0
github.com/tsuru/tsuru-client/v2/pkg/cmd/app/info.go:442.40,444.4 1 0
github.com/tsuru/tsuru-client/v2/pkg/cmd/app/info.go:445.3,445.45 1 0
github.com/tsuru/tsuru-client/v2/pkg/cmd/app/info.go:448.2,454.27 3 24
github.com/tsuru/tsuru-client/v2/pkg/cmd/app/info.go:454.27,459.3 1 6
github.com/tsuru/tsuru-client/v2/pkg/cmd/app/info.go:461.2,462.27 2 24
github.com/tsuru/tsuru-client/v2/pkg/cmd/app/info.go:462.27,463.68 1 6
github.com/tsuru/tsuru-client/v2/pkg/cmd/app/info.go:463.68,464.12 1 0
github.com/tsuru/tsuru-client/v2/pkg/cmd/app/info.go:466.3,466.43 1 6
github.com/tsuru/tsuru-client/v2/pkg/cmd/app/info.go:469.2,472.29 3 24
github.com/tsuru/tsuru-client/v2/pkg/cmd/app/info.go:472.29,474.46 2 6
github.com/tsuru/tsuru-client/v2/pkg/cmd/app/info.go:474.46,476.23 2 6
github.com/tsuru/tsuru-client/v2/pkg/cmd/app/info.go:476.23,478.5 1 2
github.com/tsuru/tsuru-client/v2/pkg/cmd/app/info.go:480.4,480.40 1 6
github.com/tsuru/tsuru-client/v2/pkg/cmd/app/info.go:480.40,482.5 1 0
github.com/tsuru/tsuru-client/v2/pkg/cmd/app/info.go:484.3,484.41 1 6
github.com/tsuru/tsuru-client/v2/pkg/cmd/app/info.go:487.2,487.22 1 24
github.com/tsuru/tsuru-client/v2/pkg/cmd/app/info.go:487.22,490.3 2 5
github.com/tsuru/tsuru-client/v2/pkg/cmd/app/info.go:493.69,498.26 4 25
github.com/tsuru/tsuru-client/v2/pkg/cmd/app/info.go:498.26,500.17 2 1
github.com/tsuru/tsuru-client/v2/pkg/cmd/app/info.go:500.17,502.4 1 0
github.com/tsuru/tsuru-client/v2/pkg/cmd/app/info.go:503.3,503.75 1 1
github.com/tsuru/tsuru-client/v2/pkg/cmd/app/info.go:506.2,506.22 1 25
github.com/tsuru/tsuru-client/v2/pkg/cmd/app/info.go:506.22,510.3 3 1
github.com/tsuru/tsuru-client/v2/pkg/cmd/app/list.go:22.68,32.55 1 21
github.com/tsuru/tsuru-client/v2/pkg/cmd/app/list.go:32.55,34.4 1 0
github.com/tsuru/tsuru-client/v2/pkg/cmd/app/list.go:38.2,49.19 11 21
github.com/tsuru/tsuru-client/v2/pkg/cmd/app/list.go:52.94,57.16 4 12
github.com/tsuru/tsuru-client/v2/pkg/cmd/app/list.go:57.16,59.3 1 0
github.com/tsuru/tsuru-client/v2/pkg/cmd/app/list.go:60.2,62.16 3 12
github.com/tsuru/tsuru-client/v2/pkg/cmd/app/list.go:62.16,64.3 1 0
github.com/tsuru/tsuru-client/v2/pkg/cmd/app/list.go:65.2,66.53 2 12
github.com/tsuru/tsuru-client/v2/pkg/cmd/app/list.go:66.53,68.3 1 0
github.com/tsuru/tsuru-client/v2/pkg/cmd/app/list.go:69.2,71.16 3 12
github.com/tsuru/tsuru-client/v2/pkg/cmd/app/list.go:71.16,73.3 1 0
github.com/tsuru/tsuru-client/v2/pkg/cmd/app/list.go:75.2,76.47 2 12
github.com/tsuru/tsuru-client/v2/pkg/cmd/app/list.go:76.47,78.3 1 0
github.com/tsuru/tsuru-client/v2/pkg/cmd/app/list.go:80.2,80.141 1 12
github.com/tsuru/tsuru-client/v2/pkg/cmd/app/list.go:83.111,84.28 1 12
github.com/tsuru/tsuru-client/v2/pkg/cmd/app/list.go:84.28,86.3 1 0
github.com/tsuru/tsuru-client/v2/pkg/cmd/app/list.go:88.2,89.16 2 12
github.com/tsuru/tsuru-client/v2/pkg/cmd/app/list.go:89.16,90.28 1 2
github.com/tsuru/tsuru-client/v2/pkg/cmd/app/list.go:90.28,92.4 1 6
github.com/tsuru/tsuru-client/v2/pkg/cmd/app/list.go:93.3,93.13 1 2
github.com/tsuru/tsuru-client/v2/pkg/cmd/app/list.go:96.2,97.27 2 10
github.com/tsuru/tsuru-client/v2/pkg/cmd/app/list.go:97.27,99.22 2 11
github.com/tsuru/tsuru-client/v2/pkg/cmd/app/list.go:99.22,101.35 2 9
github.com/tsuru/tsuru-client/v2/pkg/cmd/app/list.go:101.35,102.22 1 15
github.com/tsuru/tsuru-client/v2/pkg/cmd/app/list.go:102.22,103.42 1 14
github.com/tsuru/tsuru-client/v2/pkg/cmd/app/list.go:103.42,105.7 1 0
github.com/tsuru/tsuru-client/v2/pkg/cmd/app/list.go:105.12,107.7 1 14
github.com/tsuru/tsuru-client/v2/pkg/cmd/app/list.go:110.4,114.39 5 9
github.com/tsuru/tsuru-client/v2/pkg/cmd/app/list.go:114.39,117.5 2 12
github.com/tsuru/tsuru-client/v2/pkg/cmd/app/list.go:118.4,118.44 1 9
github.com/tsuru/tsuru-client/v2/pkg/cmd/app/list.go:119.9,121.21 2 2
github.com/tsuru/tsuru-client/v2/pkg/cmd/app/list.go:121.21,123.5 1 1
github.com/tsuru/tsuru-client/v2/pkg/cmd/app/list.go:125.3,126.65 2 11
github.com/tsuru/tsuru-client/v2/pkg/cmd/app/list.go:128.2,131.12 4 10
github.com/tsuru/tsuru-client/v2/pkg/cmd/app/list.go:139.32,141.2 1 9
github.com/tsuru/tsuru-client/v2/pkg/cmd/app/list.go:143.37,146.2 2 5
github.com/tsuru/tsuru-client/v2/pkg/cmd/app/list.go:148.42,149.31 1 6
github.com/tsuru/tsuru-client/v2/pkg/cmd/app/list.go:149.31,151.3 1 3
github.com/tsuru/tsuru-client/v2/pkg/cmd/app/list.go:152.2,152.32 1 3
github.com/tsuru/tsuru-client/v2/pkg/cmd/app/list.go:152.32,154.3 1 2
github.com/tsuru/tsuru-client/v2/pkg/cmd/app/list.go:155.2,155.14 1 1
github.com/tsuru/tsuru-client/v2/pkg/cmd/app/list.go:158.50,163.22 2 9
github.com/tsuru/tsuru-client/v2/pkg/cmd/app/list.go:163.22,166.3 2 12
github.com/tsuru/tsuru-client/v2/pkg/cmd/app/list.go:167.2,167.11 1 9
github.com/tsuru/tsuru-client/v2/pkg/cmd/app/list.go:170.28,172.32 2 11
github.com/tsuru/tsuru-client/v2/pkg/cmd/app/list.go:172.32,173.18 1 4
github.com/tsuru/tsuru-client/v2/pkg/cmd/app/list.go:173.18,175.4 1 4
github.com/tsuru/tsuru-client/v2/pkg/cmd/app/list.go:177.2,177.25 1 11
github.com/tsuru/tsuru-client/v2/pkg/cmd/app/list.go:177.25,178.17 1 11
github.com/tsuru/tsuru-client/v2/pkg/cmd/app/list.go:178.17,180.4 1 11
github.com/tsuru/tsuru-client/v2/pkg/cmd/app/list.go:181.8,182.31 1 0
github.com/tsuru/tsuru-client/v2/pkg/cmd/app/list.go:182.31,183.23 1 0
github.com/tsuru/tsuru-client/v2/pkg/cmd/app/list.go:183.23,185.5 1 0
github.com/tsuru/tsuru-client/v2/pkg/cmd/app/list.go:188.2,188.37 1 11
github.com/tsuru/tsuru-client/v2/pkg/cmd/app/list.go:191.89,195.74 2 12
github.com/tsuru/tsuru-client/v2/pkg/cmd/app/list.go:195.74,196.46 1 48
github.com/tsuru/tsuru-client/v2/pkg/cmd/app/list.go:196.46,198.4 1 5
github.com/tsuru/tsuru-client/v2/pkg/cmd/app/list.go:200.2,200.43 1 12
github.com/tsuru/tsuru-client/v2/pkg/cmd/app/list.go:200.43,202.3 1 1
github.com/tsuru/tsuru-client/v2/pkg/cmd/app/list.go:203.2,203.43 1 12
github.com/tsuru/tsuru-client/v2/pkg/cmd/app/list.go:203.43,206.23 3 3
github.com/tsuru/tsuru-client/v2/pkg/cmd/app/list.go:206.23,208.18 2 2
github.com/tsuru/tsuru-client/v2/pkg/cmd/app/list.go:208.18,210.5 1 2
github.com/tsuru/tsuru-client/v2/pkg/cmd/app/list.go:213.2,213.49 1 12
github.com/tsuru/tsuru-client/v2/pkg/cmd/app/list.go:213.49,215.3 1 1
github.com/tsuru/tsuru-client/v2/pkg/cmd/app/list.go:216.2,216.53 1 12
github.com/tsuru/tsuru-client/v2/pkg/cmd/app/list.go:216.53,218.3 1 2
github.com/tsuru/tsuru-client/v2/pkg/cmd/app/list.go:219.2,220.27 2 12
github.com/tsuru/tsuru-client/v2/pkg/cmd/app/list.go:220.27,222.3 1 2
github.com/tsuru/tsuru-client/v2/pkg/cmd/app/list.go:224.2,224.15 1 12
github.com/tsuru/tsuru-client/v2/pkg/cmd/app/log.go:23.67,49.55 1 19
github.com/tsuru/tsuru-client/v2/pkg/cmd/app/log.go:49.55,51.4 1 0
github.com/tsuru/tsuru-client/v2/pkg/cmd/app/log.go:55.2,63.18 8 19
github.com/tsuru/tsuru-client/v2/pkg/cmd/app/log.go:66.93,68.16 2 10
github.com/tsuru/tsuru-client/v2/pkg/cmd/app/log.go:68.16,70.3 1 0
github.com/tsuru/tsuru-client/v2/pkg/cmd/app/log.go:71.2,71.19 1 10
github.com/tsuru/tsuru-client/v2/pkg/cmd/app/log.go:71.19,73.3 1 0
github.com/tsuru/tsuru-client/v2/pkg/cmd/app/log.go:74.2,77.16 3 10
github.com/tsuru/tsuru-client/v2/pkg/cmd/app/log.go:77.16,79.3 1 0
github.com/tsuru/tsuru-client/v2/pkg/cmd/app/log.go:80.2,82.18 3 10
github.com/tsuru/tsuru-client/v2/pkg/cmd/app/log.go:82.18,84.3 1 1
github.com/tsuru/tsuru-client/v2/pkg/cmd/app/log.go:85.2,85.45 1 10
github.com/tsuru/tsuru-client/v2/pkg/cmd/app/log.go:85.45,87.3 1 1
github.com/tsuru/tsuru-client/v2/pkg/cmd/app/log.go:88.2,88.60 1 10
github.com/tsuru/tsuru-client/v2/pkg/cmd/app/log.go:88.60,90.3 1 3
github.com/tsuru/tsuru-client/v2/pkg/cmd/app/log.go:91.2,93.16 3 10
github.com/tsuru/tsuru-client/v2/pkg/cmd/app/log.go:93.16,95.3 1 0
github.com/tsuru/tsuru-client/v2/pkg/cmd/app/log.go:96.2,98.53 2 10
github.com/tsuru/tsuru-client/v2/pkg/cmd/app/log.go:98.53,100.3 1 0
github.com/tsuru/tsuru-client/v2/pkg/cmd/app/log.go:102.2,103.25 1 10
github.com/tsuru/tsuru-client/v2/pkg/cmd/app/log.go:103.25,103.77 2 10
github.com/tsuru/tsuru-client/v2/pkg/cmd/app/log.go:104.25,104.79 2 10
github.com/tsuru/tsuru-client/v2/pkg/cmd/app/log.go:108.2,109.6 2 10
github.com/tsuru/tsuru-client/v2/pkg/cmd/app/log.go:109.6,111.17 2 15
github.com/tsuru/tsuru-client/v2/pkg/cmd/app/log.go:111.17,112.21 1 10
github.com/tsuru/tsuru-client/v2/pkg/cmd/app/log.go:112.21,114.5 1 1
github.com/tsuru/tsuru-client/v2/pkg/cmd/app/log.go:115.4,115.9 1 10
github.com/tsuru/tsuru-client/v2/pkg/cmd/app/log.go:118.2,118.12 1 10
github.com/tsuru/tsuru-client/v2/pkg/cmd/app/log.go:134.70,137.16 3 16
github.com/tsuru/tsuru-client/v2/pkg/cmd/app/log.go:137.16,138.20 1 10
github.com/tsuru/tsuru-client/v2/pkg/cmd/app/log.go:138.20,140.4 1 9
github.com/tsuru/tsuru-client/v2/pkg/cmd/app/log.go:141.3,143.79 3 1
github.com/tsuru/tsuru-client/v2/pkg/cmd/app/log.go:145.2,148.25 2 6
github.com/tsuru/tsuru-client/v2/pkg/cmd/app/log.go:148.25,151.19 2 11
github.com/tsuru/tsuru-client/v2/pkg/cmd/app/log.go:151.19,153.4 1 2
github.com/tsuru/tsuru-client/v2/pkg/cmd/app/log.go:153.9,155.4 1 9
github.com/tsuru/tsuru-client/v2/pkg/cmd/app/log.go:157.2,157.12 1 6
github.com/tsuru/tsuru-client/v2/pkg/cmd/app/log.go:160.44,162.15 2 11
github.com/tsuru/tsuru-client/v2/pkg/cmd/app/log.go:162.15,164.3 1 9
github.com/tsuru/tsuru-client/v2/pkg/cmd/app/log.go:165.2,165.17 1 11
github.com/tsuru/tsuru-client/v2/pkg/cmd/app/log.go:165.17,166.19 1 7
github.com/tsuru/tsuru-client/v2/pkg/cmd/app/log.go:166.19,168.4 1 1
github.com/tsuru/tsuru-client/v2/pkg/cmd/app/log.go:168.9,170.4 1 6
github.com/tsuru/tsuru-client/v2/pkg/cmd/app/log.go:172.2,173.18 2 11
github.com/tsuru/tsuru-client/v2/pkg/cmd/app/log.go:173.18,175.3 1 9
github.com/tsuru/tsuru-client/v2/pkg/cmd/app/log.go:176.2,176.15 1 11
github.com/tsuru/tsuru-client/v2/pkg/cmd/app/shell.go:33.69,44.55 1 13
github.com/tsuru/tsuru-client/v2/pkg/cmd/app/shell.go:44.55,46.4 1 0
github.com/tsuru/tsuru-client/v2/pkg/cmd/app/shell.go:50.2,53.20 4 13
github.com/tsuru/tsuru-client/v2/pkg/cmd/app/shell.go:56.95,58.16 2 5
github.com/tsuru/tsuru-client/v2/pkg/cmd/app/shell.go:58.16,60.3 1 0
github.com/tsuru/tsuru-client/v2/pkg/cmd/app/shell.go:61.2,61.19 1 5
github.com/tsuru/tsuru-client/v2/pkg/cmd/app/shell.go:61.19,63.3 1 0
github.com/tsuru/tsuru-client/v2/pkg/cmd/app/shell.go:64.2,73.43 9 5
github.com/tsuru/tsuru-client/v2/pkg/cmd/app/shell.go:73.43,75.3 1 0
github.com/tsuru/tsuru-client/v2/pkg/cmd/app/shell.go:77.2,78.16 2 5
github.com/tsuru/tsuru-client/v2/pkg/cmd/app/shell.go:78.16,80.3 1 0
github.com/tsuru/tsuru-client/v2/pkg/cmd/app/shell.go:81.2,86.16 5 5
github.com/tsuru/tsuru-client/v2/pkg/cmd/app/shell.go:86.16,88.3 1 0
github.com/tsuru/tsuru-client/v2/pkg/cmd/app/shell.go:89.2,95.12 5 5
github.com/tsuru/tsuru-client/v2/pkg/cmd/app/shell.go:95.12,96.10 1 5
github.com/tsuru/tsuru-client/v2/pkg/cmd/app/shell.go:97.38,98.27 1 0
github.com/tsuru/tsuru-client/v2/pkg/cmd/app/shell.go:99.27,99.27 0 4
github.com/tsuru/tsuru-client/v2/pkg/cmd/app/shell.go:104.2,105.16 2 5
github.com/tsuru/tsuru-client/v2/pkg/cmd/app/shell.go:105.16,106.63 1 1
github.com/tsuru/tsuru-client/v2/pkg/cmd/app/shell.go:106.63,108.4 1 0
github.com/tsuru/tsuru-client/v2/pkg/cmd/app/shell.go:109.3,109.13 1 1
github.com/tsuru/tsuru-client/v2/pkg/cmd/app/shell.go:111.2,114.16 4 4
github.com/tsuru/tsuru-client/v2/pkg/cmd/app/shell.go:114.16,116.3 1 0
github.com/tsuru/tsuru-client/v2/pkg/cmd/app/shell.go:117.2,127.12 9 4
github.com/tsuru/tsuru-client/v2/pkg/cmd/app/shell.go:127.12,129.7 2 4
github.com/tsuru/tsuru-client/v2/pkg/cmd/app/shell.go:129.7,130.11 1 4
github.com/tsuru/tsuru-client/v2/pkg/cmd/app/shell.go:131.22,132.11 1 4
github.com/tsuru/tsuru-client/v2/pkg/cmd/app/shell.go:133.21,135.11 2 0
github.com/tsuru/tsuru-client/v2/pkg/cmd/app/shell.go:140.2,141.12 2 4
github.com/tsuru/tsuru-client/v2/pkg/cmd/app/shell.go:141.12,143.16 2 4
github.com/tsuru/tsuru-client/v2/pkg/cmd/app/shell.go:143.16,147.4 2 4
github.com/tsuru/tsuru-client/v2/pkg/cmd/app/shell.go:149.3,150.18 2 4
github.com/tsuru/tsuru-client/v2/pkg/cmd/app/shell.go:150.18,153.4 2 0
github.com/tsuru/tsuru-client/v2/pkg/cmd/app/shell.go:157.2,157.12 1 4
github.com/tsuru/tsuru-client/v2/pkg/cmd/app/shell.go:157.12,159.16 1 4
github.com/tsuru/tsuru-client/v2/pkg/cmd/app/shell.go:159.16,163.4 2 4
github.com/tsuru/tsuru-client/v2/pkg/cmd/app/shell.go:165.3,166.18 2 4
github.com/tsuru/tsuru-client/v2/pkg/cmd/app/shell.go:166.18,169.4 2 0
github.com/tsuru/tsuru-client/v2/pkg/cmd/app/shell.go:172.2,176.25 4 4
github.com/tsuru/tsuru-client/v2/pkg/cmd/app/shell.go:176.25,178.3 1 0
github.com/tsuru/tsuru-client/v2/pkg/cmd/app/shell.go:180.2,182.10 3 4
github.com/tsuru/tsuru-client/v2/pkg/cmd/app/shell.go:185.69,186.46 1 5
github.com/tsuru/tsuru-client/v2/pkg/cmd/app/shell.go:186.46,188.3 1 3
github.com/tsuru/tsuru-client/v2/pkg/cmd/app/shell.go:189.2,190.25 2 2
github.com/tsuru/tsuru-client/v2/pkg/cmd/app/shell.go:190.25,192.3 1 0
github.com/tsuru/tsuru-client/v2/pkg/cmd/app/shell.go:193.2,193.8 1 2
github.com/tsuru/tsuru-client/v2/pkg/cmd/app/shell.go:196.83,197.24 1 4
github.com/tsuru/tsuru-client/v2/pkg/cmd/app/shell.go:197.25,197.26 0 4
github.com/tsuru/tsuru-client/v2/pkg/cmd/app/shell.go:198.2,198.46 1 4
github.com/tsuru/tsuru-client/v2/pkg/cmd/app/shell.go:198.46,200.3 1 2
github.com/tsuru/tsuru-client/v2/pkg/cmd/app/shell.go:202.2,203.25 2 2
github.com/tsuru/tsuru-client/v2/pkg/cmd/app/shell.go:203.25,206.17 3 0
github.com/tsuru/tsuru-client/v2/pkg/cmd/app/shell.go:206.17,208.4 1 0
github.com/tsuru/tsuru-client/v2/pkg/cmd/app/shell.go:209.3,209.25 1 0
github.com/tsuru/tsuru-client/v2/pkg/cmd/app/shell.go:209.25,211.4 1 0
github.com/tsuru/tsuru-client/v2/pkg/cmd/app/shell.go:213.2,213.8 1 2
github.com/tsuru/tsuru-client/v2/pkg/cmd/app/shell.go:218.56,218.72 1 11
github.com/tsuru/tsuru-client/v2/pkg/cmd/app/shell.go:220.88,221.48 1 8
github.com/tsuru/tsuru-client/v2/pkg/cmd/app/shell.go:221.48,223.3 1 2
github.com/tsuru/tsuru-client/v2/pkg/cmd/app/shell.go:224.2,224.61 1 6
github.com/tsuru/tsuru-client/v2/pkg/cmd/app/shell.go:224.61,225.10 1 11
github.com/tsuru/tsuru-client/v2/pkg/cmd/app/shell.go:226.21,227.20 1 0
github.com/tsuru/tsuru-client/v2/pkg/cmd/app/shell.go:228.11,229.22 1 11
github.com/tsuru/tsuru-client/v2/pkg/printer/color.go:39.98,40.21 1 4
github.com/tsuru/tsuru-client/v2/pkg/printer/color.go:40.21,42.3 1 2
github.com/tsuru/tsuru-client/v2/pkg/printer/color.go:43.2,43.111 1 2
github.com/tsuru/tsuru-client/v2/pkg/printer/custom.go:40.55,42.35 2 0
github.com/tsuru/tsuru-client/v2/pkg/printer/custom.go:42.35,44.3 1 0
github.com/tsuru/tsuru-client/v2/pkg/printer/custom.go:46.2,46.37 1 0
github.com/tsuru/tsuru-client/v2/pkg/printer/custom.go:46.37,48.3 1 0
github.com/tsuru/tsuru-client/v2/pkg/printer/custom.go:49.2,49.37 1 0
github.com/tsuru/tsuru-client/v2/pkg/printer/custom.go:52.59,54.2 1 4
github.com/tsuru/tsuru-client/v2/pkg/printer/custom.go:56.61,58.28 2 4
github.com/tsuru/tsuru-client/v2/pkg/printer/custom.go:58.28,60.30 2 8
github.com/tsuru/tsuru-client/v2/pkg/printer/custom.go:60.30,62.4 1 20
github.com/tsuru/tsuru-client/v2/pkg/printer/custom.go:64.2,64.12 1 4
github.com/tsuru/tsuru-client/v2/pkg/printer/custom.go:67.60,69.35 2 0
github.com/tsuru/tsuru-client/v2/pkg/printer/custom.go:69.35,71.3 1 0
github.com/tsuru/tsuru-client/v2/pkg/printer/custom.go:73.2,73.37 1 0
github.com/tsuru/tsuru-client/v2/pkg/printer/custom.go:73.37,75.3 1 0
github.com/tsuru/tsuru-client/v2/pkg/printer/custom.go:76.2,76.26 1 0
github.com/tsuru/tsuru-client/v2/pkg/printer/custom.go:79.64,81.2 1 0
github.com/tsuru/tsuru-client/v2/pkg/printer/custom.go:83.51,85.43 2 3
github.com/tsuru/tsuru-client/v2/pkg/printer/custom.go:85.43,88.3 2 3
github.com/tsuru/tsuru-client/v2/pkg/printer/custom.go:90.2,90.35 1 3
github.com/tsuru/tsuru-client/v2/pkg/printer/custom.go:90.35,92.3 1 9
github.com/tsuru/tsuru-client/v2/pkg/printer/custom.go:94.2,94.37 1 3
github.com/tsuru/tsuru-client/v2/pkg/printer/custom.go:94.37,98.32 4 6
github.com/tsuru/tsuru-client/v2/pkg/printer/custom.go:98.32,99.27 1 12
github.com/tsuru/tsuru-client/v2/pkg/printer/custom.go:99.27,101.5 1 30
github.com/tsuru/tsuru-client/v2/pkg/printer/custom.go:102.4,102.19 1 12
github.com/tsuru/tsuru-client/v2/pkg/printer/info.go:9.96,10.16 1 10
github.com/tsuru/tsuru-client/v2/pkg/printer/info.go:11.12,12.30 1 2
github.com/tsuru/tsuru-client/v2/pkg/printer/info.go:13.18,14.36 1 2
github.com/tsuru/tsuru-client/v2/pkg/printer/info.go:15.12,16.30 1 2
github.com/tsuru/tsuru-client/v2/pkg/printer/info.go:17.13,18.44 1 2
github.com/tsuru/tsuru-client/v2/pkg/printer/info.go:18.44,21.4 2 1
github.com/tsuru/tsuru-client/v2/pkg/printer/info.go:22.3,22.37 1 1
github.com/tsuru/tsuru-client/v2/pkg/printer/info.go:23.10,24.44 1 2
github.com/tsuru/tsuru-client/v2/pkg/printer/info.go:24.44,27.4 2 1
github.com/tsuru/tsuru-client/v2/pkg/printer/info.go:28.3,28.37 1 1
github.com/tsuru/tsuru-client/v2/pkg/printer/list.go:9.96,10.16 1 5
github.com/tsuru/tsuru-client/v2/pkg/printer/list.go:11.12,12.30 1 1
github.com/tsuru/tsuru-client/v2/pkg/printer/list.go:13.18,14.36 1 1
github.com/tsuru/tsuru-client/v2/pkg/printer/list.go:15.12,16.30 1 1
github.com/tsuru/tsuru-client/v2/pkg/printer/list.go:17.13,18.41 1 1
github.com/tsuru/tsuru-client/v2/pkg/printer/list.go:19.10,20.41 1 1
github.com/tsuru/tsuru-client/v2/pkg/printer/printer.go:26.36,27.28 1 5
github.com/tsuru/tsuru-client/v2/pkg/printer/printer.go:28.14,29.14 1 1
github.com/tsuru/tsuru-client/v2/pkg/printer/printer.go:30.35,31.20 1 1
github.com/tsuru/tsuru-client/v2/pkg/printer/printer.go:32.14,33.14 1 1
github.com/tsuru/tsuru-client/v2/pkg/printer/printer.go:34.15,35.15 1 1
github.com/tsuru/tsuru-client/v2/pkg/printer/printer.go:36.10,37.15 1 1
github.com/tsuru/tsuru-client/v2/pkg/printer/printer.go:41.47,42.17 1 14
github.com/tsuru/tsuru-client/v2/pkg/printer/printer.go:42.17,44.3 1 1
github.com/tsuru/tsuru-client/v2/pkg/printer/printer.go:45.2,46.16 2 13
github.com/tsuru/tsuru-client/v2/pkg/printer/printer.go:46.16,48.3 1 2
github.com/tsuru/tsuru-client/v2/pkg/printer/printer.go:49.2,50.12 2 11
github.com/tsuru/tsuru-client/v2/pkg/printer/printer.go:53.53,54.17 1 14
github.com/tsuru/tsuru-client/v2/pkg/printer/printer.go:54.17,56.3 1 1
github.com/tsuru/tsuru-client/v2/pkg/printer/printer.go:57.2,58.16 2 13
github.com/tsuru/tsuru-client/v2/pkg/printer/printer.go:58.16,60.3 1 2
github.com/tsuru/tsuru-client/v2/pkg/printer/printer.go:61.2,62.12 2 11
github.com/tsuru/tsuru-client/v2/pkg/printer/printer.go:65.53,66.15 1 15
github.com/tsuru/tsuru-client/v2/pkg/printer/printer.go:66.15,67.31 1 15
github.com/tsuru/tsuru-client/v2/pkg/printer/printer.go:67.31,70.4 1 2
github.com/tsuru/tsuru-client/v2/pkg/printer/printer.go:73.2,73.17 1 15
github.com/tsuru/tsuru-client/v2/pkg/printer/printer.go:73.17,75.3 1 1
github.com/tsuru/tsuru-client/v2/pkg/printer/printer.go:76.2,77.16 2 14
github.com/tsuru/tsuru-client/v2/pkg/printer/printer.go:77.16,79.3 1 1
github.com/tsuru/tsuru-client/v2/pkg/printer/printer.go:80.2,81.12 2 11
github.com/tsuru/tsuru-client/v2/pkg/printer/table.go:35.62,36.14 1 0
github.com/tsuru/tsuru-client/v2/pkg/printer/table.go:36.14,38.3 1 0
github.com/tsuru/tsuru-client/v2/pkg/printer/table.go:39.2,39.27 1 0
github.com/tsuru/tsuru-client/v2/pkg/printer/table.go:39.27,41.3 1 0
github.com/tsuru/tsuru-client/v2/pkg/printer/table.go:42.2,42.29 1 0
github.com/tsuru/tsuru-client/v2/pkg/printer/table.go:42.29,44.3 1 0
github.com/tsuru/tsuru-client/v2/pkg/printer/table.go:45.2,45.13 1 0
github.com/tsuru/tsuru-client/v2/pkg/printer/table.go:48.76,49.14 1 0
github.com/tsuru/tsuru-client/v2/pkg/printer/table.go:49.14,51.3 1 0
github.com/tsuru/tsuru-client/v2/pkg/printer/table.go:52.2,52.27 1 0
github.com/tsuru/tsuru-client/v2/pkg/printer/table.go:52.27,54.3 1 0
github.com/tsuru/tsuru-client/v2/pkg/printer/table.go:55.2,55.44 1 0
github.com/tsuru/tsuru-client/v2/pkg/printer/table.go:57.73,59.23 2 0
github.com/tsuru/tsuru-client/v2/pkg/printer/table.go:59.23,60.26 1 0
github.com/tsuru/tsuru-client/v2/pkg/printer/table.go:60.26,62.4 1 0
github.com/tsuru/tsuru-client/v2/pkg/printer/table.go:64.2,65.12 2 0
github.com/tsuru/tsuru-client/v2/pkg/printer/table.go:70.78,73.44 3 2
github.com/tsuru/tsuru-client/v2/pkg/printer/table.go:73.44,75.3 1 2
github.com/tsuru/tsuru-client/v2/pkg/printer/table.go:77.2,78.16 2 0
github.com/tsuru/tsuru-client/v2/pkg/printer/table.go:78.16,80.3 1 0
github.com/tsuru/tsuru-client/v2/pkg/printer/table.go:81.2,81.30 1 0
github.com/tsuru/tsuru-client/v2/pkg/printer/table.go:85.76,89.2 3 2
github.com/tsuru/tsuru-client/v2/pkg/printer/table.go:91.78,92.17 1 2
github.com/tsuru/tsuru-client/v2/pkg/printer/table.go:92.17,94.3 1 0
github.com/tsuru/tsuru-client/v2/pkg/printer/table.go:96.2,96.30 1 2
github.com/tsuru/tsuru-client/v2/pkg/printer/table.go:97.14,98.28 1 0
github.com/tsuru/tsuru-client/v2/pkg/printer/table.go:99.14,100.36 1 2
github.com/tsuru/tsuru-client/v2/pkg/printer/table.go:101.122,102.36 1 0
github.com/tsuru/tsuru-client/v2/pkg/printer/table.go:103.16,104.50 1 0
github.com/tsuru/tsuru-client/v2/pkg/printer/table.go:105.17,106.31 1 0
github.com/tsuru/tsuru-client/v2/pkg/printer/table.go:107.22,108.54 1 0
github.com/tsuru/tsuru-client/v2/pkg/printer/table.go:108.54,111.18 3 0
github.com/tsuru/tsuru-client/v2/pkg/printer/table.go:111.18,113.5 1 0
github.com/tsuru/tsuru-client/v2/pkg/printer/table.go:115.3,115.24 1 0
github.com/tsuru/tsuru-client/v2/pkg/printer/table.go:116.13,117.27 1 0
github.com/tsuru/tsuru-client/v2/pkg/printer/table.go:117.27,119.18 2 0
github.com/tsuru/tsuru-client/v2/pkg/printer/table.go:119.18,121.5 1 0
github.com/tsuru/tsuru-client/v2/pkg/printer/table.go:123.12,124.38 1 0
github.com/tsuru/tsuru-client/v2/pkg/printer/table.go:125.11,126.40 1 0
github.com/tsuru/tsuru-client/v2/pkg/printer/table.go:127.10,128.46 1 0
github.com/tsuru/tsuru-client/v2/pkg/printer/table.go:131.2,131.12 1 2
github.com/tsuru/tsuru-client/v2/pkg/printer/table.go:134.81,136.30 2 0
github.com/tsuru/tsuru-client/v2/pkg/printer/table.go:137.17,139.26 2 0
github.com/tsuru/tsuru-client/v2/pkg/printer/table.go:140.10,141.26 1 0
github.com/tsuru/tsuru-client/v2/pkg/printer/table.go:143.2,143.21 1 0
github.com/tsuru/tsuru-client/v2/pkg/printer/table.go:143.21,145.3 1 0
github.com/tsuru/tsuru-client/v2/pkg/printer/table.go:147.2,152.50 4 0
github.com/tsuru/tsuru-client/v2/pkg/printer/table.go:152.50,153.39 1 0
github.com/tsuru/tsuru-client/v2/pkg/printer/table.go:153.39,154.12 1 0
github.com/tsuru/tsuru-client/v2/pkg/printer/table.go:157.3,159.15 3 0
github.com/tsuru/tsuru-client/v2/pkg/printer/table.go:160.21,161.37 1 0
github.com/tsuru/tsuru-client/v2/pkg/printer/table.go:162.64,163.36 1 0
github.com/tsuru/tsuru-client/v2/pkg/printer/table.go:164.68,165.37 1 0
github.com/tsuru/tsuru-client/v2/pkg/printer/table.go:166.41,167.38 1 0
github.com/tsuru/tsuru-client/v2/pkg/printer/table.go:168.23,169.39 1 0
github.com/tsuru/tsuru-client/v2/pkg/printer/table.go:170.22,171.49 1 0
github.com/tsuru/tsuru-client/v2/pkg/printer/table.go:171.49,173.5 1 0
github.com/tsuru/tsuru-client/v2/pkg/printer/table.go:173.10,174.21 1 0
github.com/tsuru/tsuru-client/v2/pkg/printer/table.go:174.21,175.14 1 0
github.com/tsuru/tsuru-client/v2/pkg/printer/table.go:177.5,177.44 1 0
github.com/tsuru/tsuru-client/v2/pkg/printer/table.go:179.20,180.20 1 0
github.com/tsuru/tsuru-client/v2/pkg/printer/table.go:180.20,181.13 1 0
github.com/tsuru/tsuru-client/v2/pkg/printer/table.go:183.4,183.42 1 0
github.com/tsuru/tsuru-client/v2/pkg/printer/table.go:184.21,184.21 0 0
github.com/tsuru/tsuru-client/v2/pkg/printer/table.go:185.11,186.43 1 0
github.com/tsuru/tsuru-client/v2/pkg/printer/table.go:191.2,191.43 1 0
github.com/tsuru/tsuru-client/v2/pkg/printer/table.go:191.43,193.17 2 0
github.com/tsuru/tsuru-client/v2/pkg/printer/table.go:193.17,195.4 1 0
github.com/tsuru/tsuru-client/v2/pkg/printer/table.go:199.2,199.44 1 0
github.com/tsuru/tsuru-client/v2/pkg/printer/table.go:199.44,201.66 2 0
github.com/tsuru/tsuru-client/v2/pkg/printer/table.go:201.66,203.4 1 0
github.com/tsuru/tsuru-client/v2/pkg/printer/table.go:205.2,205.12 1 0
github.com/tsuru/tsuru-client/v2/pkg/printer/table.go:208.82,209.37 1 2
github.com/tsuru/tsuru-client/v2/pkg/printer/table.go:210.21,211.45 1 2
github.com/tsuru/tsuru-client/v2/pkg/printer/table.go:212.23,214.14 2 2
github.com/tsuru/tsuru-client/v2/pkg/printer/table.go:215.20,216.65 1 0
github.com/tsuru/tsuru-client/v2/pkg/printer/table.go:217.23,220.14 3 0
github.com/tsuru/tsuru-client/v2/pkg/printer/table.go:221.11,222.58 1 0
github.com/tsuru/tsuru-client/v2/pkg/printer/table.go:224.19,225.64 1 0
github.com/tsuru/tsuru-client/v2/pkg/printer/table.go:226.22,229.13 3 0
github.com/tsuru/tsuru-client/v2/pkg/printer/table.go:230.10,231.46 1 0
github.com/tsuru/tsuru-client/v2/pkg/printer/table.go:235.38,237.23 2 6
github.com/tsuru/tsuru-client/v2/pkg/printer/table.go:237.23,239.3 1 15
github.com/tsuru/tsuru-client/v2/pkg/printer/table.go:240.2,240.12 1 6
github.com/tsuru/tsuru-client/v2/pkg/printer/table.go:243.87,245.65 2 0
github.com/tsuru/tsuru-client/v2/pkg/printer/table.go:245.65,247.3 1 0
github.com/tsuru/tsuru-client/v2/pkg/printer/table.go:248.2,252.25 4 0
github.com/tsuru/tsuru-client/v2/pkg/printer/table.go:252.25,254.44 2 0
github.com/tsuru/tsuru-client/v2/pkg/printer/table.go:254.44,256.4 1 0
github.com/tsuru/tsuru-client/v2/pkg/printer/table.go:256.9,258.4 1 0
github.com/tsuru/tsuru-client/v2/pkg/printer/table.go:260.2,260.8 1 0
github.com/tsuru/tsuru-client/v2/pkg/printer/table.go:263.91,265.72 2 0
github.com/tsuru/tsuru-client/v2/pkg/printer/table.go:265.72,267.3 1 0
github.com/tsuru/tsuru-client/v2/pkg/printer/table.go:268.2,271.51 3 0
github.com/tsuru/tsuru-client/v2/pkg/printer/table.go:271.51,273.26 2 0
github.com/tsuru/tsuru-client/v2/pkg/printer/table.go:273.26,274.45 1 0
github.com/tsuru/tsuru-client/v2/pkg/printer/table.go:274.45,276.5 1 0
github.com/tsuru/tsuru-client/v2/pkg/printer/table.go:276.10,278.5 1 0
github.com/tsuru/tsuru-client/v2/pkg/printer/table.go:280.3,280.24 1 0
github.com/tsuru/tsuru-client/v2/pkg/printer/table.go:282.2,282.8 1 0
github.com/tsuru/tsuru-client/v2/pkg/printer/table.go:285.44,288.19 2 0
github.com/tsuru/tsuru-client/v2/pkg/printer/table.go:288.19,290.3 1 0
github.com/tsuru/tsuru-client/v2/pkg/printer/table.go:291.2,292.19 2 0
github.com/tsuru/tsuru-client/v2/pkg/printer/table.go:295.71,298.19 2 0
github.com/tsuru/tsuru-client/v2/pkg/printer/table.go:298.19,299.30 1 0
github.com/tsuru/tsuru-client/v2/pkg/printer/table.go:299.30,300.12 1 0
github.com/tsuru/tsuru-client/v2/pkg/printer/table.go:302.3,302.37 1 0
github.com/tsuru/tsuru-client/v2/pkg/printer/table.go:304.2,305.19 2 0
github.com/tsuru/tsuru-client/v2/pkg/printer/table.go:308.49,309.26 1 0
github.com/tsuru/tsuru-client/v2/pkg/printer/table.go:309.26,310.16 1 0
github.com/tsuru/tsuru-client/v2/pkg/printer/table.go:310.16,312.4 1 0
github.com/tsuru/tsuru-client/v2/pkg/printer/table.go:314.2,314.14 1 0
